<?xml version="1.0" encoding="UTF-8"?>
<!-- Generated by org.testng.reporters.JUnitXMLReporter -->
<testsuite ignored="0" hostname="QSP" failures="0" tests="4" name="Test" time="0.178" errors="0" timestamp="2021-11-08T15:07:14 IST">
  <testcase classname="jenkins.Test1" name="tc1" time="0.023"/>
  <testcase classname="jenkins.Test3" name="tc1" time="0.01"/>
  <testcase classname="jenkins.Test2" name="tc1" time="0.014"/>
  <testcase classname="jenkins.Test4" name="tc1" time="0.002"/>
</testsuite> <!-- Test -->
