<?xml version="1.0" encoding="UTF-8"?>
<testng-results ignored="0" total="4" passed="4" failed="0" skipped="0">
  <reporter-output>
    <line>
      <![CDATA[hello java]]>
    </line>
    <line>
      <![CDATA[hello Python]]>
    </line>
    <line>
      <![CDATA[hello Selenium]]>
    </line>
    <line>
      <![CDATA[hello PythonSelenium]]>
    </line>
  </reporter-output>
  <suite started-at="2021-11-08T15:07:13 IST" name="Suite" finished-at="2021-11-08T15:07:14 IST" duration-ms="178">
    <groups>
    </groups>
    <test started-at="2021-11-08T15:07:13 IST" name="Test" finished-at="2021-11-08T15:07:14 IST" duration-ms="178">
      <class name="jenkins.Test4">
        <test-method signature="tc1()[pri:0, instance:jenkins.Test4@574b560f]" started-at="2021-11-08T15:07:14 IST" name="tc1" finished-at="2021-11-08T15:07:14 IST" duration-ms="2" status="PASS">
          <reporter-output>
            <line>
              <![CDATA[hello PythonSelenium]]>
            </line>
          </reporter-output>
        </test-method> <!-- tc1 -->
      </class> <!-- jenkins.Test4 -->
      <class name="jenkins.Test3">
        <test-method signature="tc1()[pri:0, instance:jenkins.Test3@757acd7b]" started-at="2021-11-08T15:07:14 IST" name="tc1" finished-at="2021-11-08T15:07:14 IST" duration-ms="10" status="PASS">
          <reporter-output>
            <line>
              <![CDATA[hello Python]]>
            </line>
          </reporter-output>
        </test-method> <!-- tc1 -->
      </class> <!-- jenkins.Test3 -->
      <class name="jenkins.Test2">
        <test-method signature="tc1()[pri:0, instance:jenkins.Test2@36b4fe2a]" started-at="2021-11-08T15:07:14 IST" name="tc1" finished-at="2021-11-08T15:07:14 IST" duration-ms="14" status="PASS">
          <reporter-output>
            <line>
              <![CDATA[hello Selenium]]>
            </line>
          </reporter-output>
        </test-method> <!-- tc1 -->
      </class> <!-- jenkins.Test2 -->
      <class name="jenkins.Test1">
        <test-method signature="tc1()[pri:0, instance:jenkins.Test1@11c9af63]" started-at="2021-11-08T15:07:14 IST" name="tc1" finished-at="2021-11-08T15:07:14 IST" duration-ms="23" status="PASS">
          <reporter-output>
            <line>
              <![CDATA[hello java]]>
            </line>
          </reporter-output>
        </test-method> <!-- tc1 -->
      </class> <!-- jenkins.Test1 -->
    </test> <!-- Test -->
  </suite> <!-- Suite -->
</testng-results>
